Starting new log file Sat May 23 20:30:55 2020

--------------------------------
Qflow project setup
--------------------------------

Technology set to osu018 from existing qflow_vars.sh file
Regenerating files for existing project adder
Running qrouter 1.4.83.T
qrouter -noc  -s adder.cfg

--------------------------------
Qflow project setup
--------------------------------

Technology set to osu018 from existing qflow_vars.sh file
Regenerating files for existing project adder
Running magic 8.3.10
magic -dnull -noconsole  migrate_adder.tcl

Magic 8.3 revision 10 - Compiled on czw, 21 maj 2020, 08:09:32 CEST.
Starting magic under Tcl interpreter
Using the terminal as the console.
Using NULL graphics device.
Processing system .magicrc file
Input style lambda=0.10(p): scaleFactor=10, multiplier=1
Contact size value ignored (using GDS generation rules).
Contact size value ignored (using GDS generation rules).
Contact size value ignored (using GDS generation rules).
Contact size value ignored (using GDS generation rules).
Contact size value ignored (using GDS generation rules).
Contact size value ignored (using GDS generation rules).
Loading "migrate_adder.tcl" from command line.

