Qflow synthesis logfile created on pią, 22 maj 2020, 15:43:16 CEST
Running yosys for verilog parsing and synthesis
yosys  -s adder.ys

 /----------------------------------------------------------------------------\
 |                                                                            |
 |  yosys -- Yosys Open SYnthesis Suite                                       |
 |                                                                            |
 |  Copyright (C) 2012 - 2020  Claire Wolf <claire@symbioticeda.com>          |
 |                                                                            |
 |  Permission to use, copy, modify, and/or distribute this software for any  |
 |  purpose with or without fee is hereby granted, provided that the above    |
 |  copyright notice and this permission notice appear in all copies.         |
 |                                                                            |
 |  THE SOFTWARE IS PROVIDED "AS IS" AND THE AUTHOR DISCLAIMS ALL WARRANTIES  |
 |  WITH REGARD TO THIS SOFTWARE INCLUDING ALL IMPLIED WARRANTIES OF          |
 |  MERCHANTABILITY AND FITNESS. IN NO EVENT SHALL THE AUTHOR BE LIABLE FOR   |
 |  ANY SPECIAL, DIRECT, INDIRECT, OR CONSEQUENTIAL DAMAGES OR ANY DAMAGES    |
 |  WHATSOEVER RESULTING FROM LOSS OF USE, DATA OR PROFITS, WHETHER IN AN     |
 |  ACTION OF CONTRACT, NEGLIGENCE OR OTHER TORTIOUS ACTION, ARISING OUT OF   |
 |  OR IN CONNECTION WITH THE USE OR PERFORMANCE OF THIS SOFTWARE.            |
 |                                                                            |
 \----------------------------------------------------------------------------/

 Yosys 0.9+2406 (git sha1 026fed31, clang 10.0.0-4ubuntu1 -fPIC -Os)


-- Executing script file `adder.ys' --

1. Executing Liberty frontend.
Imported 32 cell types from liberty file.

2. Executing Verilog-2005 frontend: /home/aleksandra/sumatorQflow/source/adder.v
Parsing Verilog input from `/home/aleksandra/sumatorQflow/source/adder.v' to AST representation.
Generating RTLIL representation for module `\adder'.
Generating RTLIL representation for module `\fco'.
Generating RTLIL representation for module `\gph'.
Generating RTLIL representation for module `\sfco'.
Successfully finished Verilog frontend.

3. Executing SYNTH pass.

3.1. Executing HIERARCHY pass (managing design hierarchy).

3.1.1. Analyzing design hierarchy..
Top module:  \adder
Used module:     \sfco
Used module:     \fco
Used module:     \gph

3.1.2. Analyzing design hierarchy..
Top module:  \adder
Used module:     \sfco
Used module:     \fco
Used module:     \gph
Removed 0 unused modules.
Mapping positional arguments of cell adder.G40x (sfco).
Mapping positional arguments of cell adder.G20x (sfco).
Mapping positional arguments of cell adder.G50x (sfco).
Mapping positional arguments of cell adder.G30x (sfco).
Mapping positional arguments of cell adder.GP54 (fco).
Mapping positional arguments of cell adder.GP32 (fco).
Mapping positional arguments of cell adder.G10x (sfco).
Mapping positional arguments of cell adder.GPH5 (gph).
Mapping positional arguments of cell adder.GPH4 (gph).
Mapping positional arguments of cell adder.GPH3 (gph).
Mapping positional arguments of cell adder.GPH2 (gph).
Mapping positional arguments of cell adder.GPH1 (gph).
Mapping positional arguments of cell adder.GPH0 (gph).

3.2. Executing PROC pass (convert processes to netlists).

3.2.1. Executing PROC_CLEAN pass (remove empty switches from decision trees).
Cleaned up 0 empty switches.

3.2.2. Executing PROC_RMDEAD pass (remove dead branches from decision trees).
Removed a total of 0 dead cases.

3.2.3. Executing PROC_PRUNE pass (remove redundant assignments in processes).
Removed 0 redundant assignments.
Promoted 0 assignments to connections.

3.2.4. Executing PROC_INIT pass (extract init attributes).

3.2.5. Executing PROC_ARST pass (detect async resets in processes).

3.2.6. Executing PROC_MUX pass (convert decision trees to multiplexers).

3.2.7. Executing PROC_DLATCH pass (convert process syncs to latches).

3.2.8. Executing PROC_DFF pass (convert process syncs to FFs).

3.2.9. Executing PROC_CLEAN pass (remove empty switches from decision trees).
Cleaned up 0 empty switches.

3.3. Executing OPT_EXPR pass (perform const folding).
Optimizing module sfco.
Optimizing module gph.
Optimizing module fco.
Optimizing module adder.

3.4. Executing OPT_CLEAN pass (remove unused cells and wires).
Finding unused cells or wires in module \sfco..
Finding unused cells or wires in module \gph..
Finding unused cells or wires in module \fco..
Finding unused cells or wires in module \adder..
Removed 0 unused cells and 12 unused wires.
<suppressed ~5 debug messages>

3.5. Executing CHECK pass (checking for obvious problems).
checking module adder..
checking module fco..
checking module gph..
checking module sfco..
found and reported 0 problems.

3.6. Executing OPT pass (performing simple optimizations).

3.6.1. Executing OPT_EXPR pass (perform const folding).
Optimizing module adder.
Optimizing module fco.
Optimizing module gph.
Optimizing module sfco.

3.6.2. Executing OPT_MERGE pass (detect identical cells).
Finding identical cells in module `\adder'.
Finding identical cells in module `\fco'.
Finding identical cells in module `\gph'.
Finding identical cells in module `\sfco'.
Removed a total of 0 cells.

3.6.3. Executing OPT_MUXTREE pass (detect dead branches in mux trees).
Running muxtree optimizer on module \adder..
  Creating internal representation of mux trees.
  No muxes found in this module.
Running muxtree optimizer on module \fco..
  Creating internal representation of mux trees.
  No muxes found in this module.
Running muxtree optimizer on module \gph..
  Creating internal representation of mux trees.
  No muxes found in this module.
Running muxtree optimizer on module \sfco..
  Creating internal representation of mux trees.
  No muxes found in this module.
Removed 0 multiplexer ports.

3.6.4. Executing OPT_REDUCE pass (consolidate $*mux and $reduce_* inputs).
  Optimizing cells in module \adder.
  Optimizing cells in module \fco.
  Optimizing cells in module \gph.
  Optimizing cells in module \sfco.
Performed a total of 0 changes.

3.6.5. Executing OPT_MERGE pass (detect identical cells).
Finding identical cells in module `\adder'.
Finding identical cells in module `\fco'.
Finding identical cells in module `\gph'.
Finding identical cells in module `\sfco'.
Removed a total of 0 cells.

3.6.6. Executing OPT_RMDFF pass (remove dff with constant values).

3.6.7. Executing OPT_CLEAN pass (remove unused cells and wires).
Finding unused cells or wires in module \adder..
Finding unused cells or wires in module \fco..
Finding unused cells or wires in module \gph..
Finding unused cells or wires in module \sfco..

3.6.8. Executing OPT_EXPR pass (perform const folding).
Optimizing module adder.
Optimizing module fco.
Optimizing module gph.
Optimizing module sfco.

3.6.9. Finished OPT passes. (There is nothing left to do.)

3.7. Executing WREDUCE pass (reducing word size of cells).

3.8. Executing PEEPOPT pass (run peephole optimizers).

3.9. Executing OPT_CLEAN pass (remove unused cells and wires).
Finding unused cells or wires in module \adder..
Finding unused cells or wires in module \fco..
Finding unused cells or wires in module \gph..
Finding unused cells or wires in module \sfco..

3.10. Executing ALUMACC pass (create $alu and $macc cells).
Extracting $alu and $macc cells in module adder:
  created 0 $alu and 0 $macc cells.
Extracting $alu and $macc cells in module fco:
  created 0 $alu and 0 $macc cells.
Extracting $alu and $macc cells in module gph:
  created 0 $alu and 0 $macc cells.
Extracting $alu and $macc cells in module sfco:
  created 0 $alu and 0 $macc cells.

3.11. Executing SHARE pass (SAT-based resource sharing).

3.12. Executing OPT pass (performing simple optimizations).

3.12.1. Executing OPT_EXPR pass (perform const folding).
Optimizing module adder.
Optimizing module fco.
Optimizing module gph.
Optimizing module sfco.

3.12.2. Executing OPT_MERGE pass (detect identical cells).
Finding identical cells in module `\adder'.
Finding identical cells in module `\fco'.
Finding identical cells in module `\gph'.
Finding identical cells in module `\sfco'.
Removed a total of 0 cells.

3.12.3. Executing OPT_MUXTREE pass (detect dead branches in mux trees).
Running muxtree optimizer on module \adder..
  Creating internal representation of mux trees.
  No muxes found in this module.
Running muxtree optimizer on module \fco..
  Creating internal representation of mux trees.
  No muxes found in this module.
Running muxtree optimizer on module \gph..
  Creating internal representation of mux trees.
  No muxes found in this module.
Running muxtree optimizer on module \sfco..
  Creating internal representation of mux trees.
  No muxes found in this module.
Removed 0 multiplexer ports.

3.12.4. Executing OPT_REDUCE pass (consolidate $*mux and $reduce_* inputs).
  Optimizing cells in module \adder.
  Optimizing cells in module \fco.
  Optimizing cells in module \gph.
  Optimizing cells in module \sfco.
Performed a total of 0 changes.

3.12.5. Executing OPT_MERGE pass (detect identical cells).
Finding identical cells in module `\adder'.
Finding identical cells in module `\fco'.
Finding identical cells in module `\gph'.
Finding identical cells in module `\sfco'.
Removed a total of 0 cells.

3.12.6. Executing OPT_RMDFF pass (remove dff with constant values).

3.12.7. Executing OPT_CLEAN pass (remove unused cells and wires).
Finding unused cells or wires in module \adder..
Finding unused cells or wires in module \fco..
Finding unused cells or wires in module \gph..
Finding unused cells or wires in module \sfco..

3.12.8. Executing OPT_EXPR pass (perform const folding).
Optimizing module adder.
Optimizing module fco.
Optimizing module gph.
Optimizing module sfco.

3.12.9. Finished OPT passes. (There is nothing left to do.)

3.13. Executing FSM pass (extract and optimize FSM).

3.13.1. Executing FSM_DETECT pass (finding FSMs in design).

3.13.2. Executing FSM_EXTRACT pass (extracting FSM from design).

3.13.3. Executing FSM_OPT pass (simple optimizations of FSMs).

3.13.4. Executing OPT_CLEAN pass (remove unused cells and wires).
Finding unused cells or wires in module \adder..
Finding unused cells or wires in module \fco..
Finding unused cells or wires in module \gph..
Finding unused cells or wires in module \sfco..

3.13.5. Executing FSM_OPT pass (simple optimizations of FSMs).

3.13.6. Executing FSM_RECODE pass (re-assigning FSM state encoding).

3.13.7. Executing FSM_INFO pass (dumping all available information on FSM cells).

3.13.8. Executing FSM_MAP pass (mapping FSMs to basic logic).

3.14. Executing OPT pass (performing simple optimizations).

3.14.1. Executing OPT_EXPR pass (perform const folding).
Optimizing module adder.
Optimizing module fco.
Optimizing module gph.
Optimizing module sfco.

3.14.2. Executing OPT_MERGE pass (detect identical cells).
Finding identical cells in module `\adder'.
Finding identical cells in module `\fco'.
Finding identical cells in module `\gph'.
Finding identical cells in module `\sfco'.
Removed a total of 0 cells.

3.14.3. Executing OPT_RMDFF pass (remove dff with constant values).

3.14.4. Executing OPT_CLEAN pass (remove unused cells and wires).
Finding unused cells or wires in module \adder..
Finding unused cells or wires in module \fco..
Finding unused cells or wires in module \gph..
Finding unused cells or wires in module \sfco..

3.14.5. Finished fast OPT passes.

3.15. Executing MEMORY pass.

3.15.1. Executing OPT_MEM pass (optimize memories).
Performed a total of 0 transformations.

3.15.2. Executing MEMORY_DFF pass (merging $dff cells to $memrd and $memwr).

3.15.3. Executing OPT_CLEAN pass (remove unused cells and wires).
Finding unused cells or wires in module \adder..
Finding unused cells or wires in module \fco..
Finding unused cells or wires in module \gph..
Finding unused cells or wires in module \sfco..

3.15.4. Executing MEMORY_SHARE pass (consolidating $memrd/$memwr cells).

3.15.5. Executing OPT_CLEAN pass (remove unused cells and wires).
Finding unused cells or wires in module \adder..
Finding unused cells or wires in module \fco..
Finding unused cells or wires in module \gph..
Finding unused cells or wires in module \sfco..

3.15.6. Executing MEMORY_COLLECT pass (generating $mem cells).

3.16. Executing OPT_CLEAN pass (remove unused cells and wires).
Finding unused cells or wires in module \adder..
Finding unused cells or wires in module \fco..
Finding unused cells or wires in module \gph..
Finding unused cells or wires in module \sfco..

3.17. Executing OPT pass (performing simple optimizations).

3.17.1. Executing OPT_EXPR pass (perform const folding).
Optimizing module adder.
Optimizing module fco.
Optimizing module gph.
Optimizing module sfco.

3.17.2. Executing OPT_MERGE pass (detect identical cells).
Finding identical cells in module `\adder'.
Finding identical cells in module `\fco'.
Finding identical cells in module `\gph'.
Finding identical cells in module `\sfco'.
Removed a total of 0 cells.

3.17.3. Executing OPT_RMDFF pass (remove dff with constant values).

3.17.4. Executing OPT_CLEAN pass (remove unused cells and wires).
Finding unused cells or wires in module \adder..
Finding unused cells or wires in module \fco..
Finding unused cells or wires in module \gph..
Finding unused cells or wires in module \sfco..

3.17.5. Finished fast OPT passes.

3.18. Executing MEMORY_MAP pass (converting $mem cells to logic and flip-flops).

3.19. Executing OPT pass (performing simple optimizations).

3.19.1. Executing OPT_EXPR pass (perform const folding).
Optimizing module adder.
Optimizing module fco.
Optimizing module gph.
Optimizing module sfco.

3.19.2. Executing OPT_MERGE pass (detect identical cells).
Finding identical cells in module `\adder'.
Finding identical cells in module `\fco'.
Finding identical cells in module `\gph'.
Finding identical cells in module `\sfco'.
Removed a total of 0 cells.

3.19.3. Executing OPT_MUXTREE pass (detect dead branches in mux trees).
Running muxtree optimizer on module \adder..
  Creating internal representation of mux trees.
  No muxes found in this module.
Running muxtree optimizer on module \fco..
  Creating internal representation of mux trees.
  No muxes found in this module.
Running muxtree optimizer on module \gph..
  Creating internal representation of mux trees.
  No muxes found in this module.
Running muxtree optimizer on module \sfco..
  Creating internal representation of mux trees.
  No muxes found in this module.
Removed 0 multiplexer ports.

3.19.4. Executing OPT_REDUCE pass (consolidate $*mux and $reduce_* inputs).
  Optimizing cells in module \adder.
  Optimizing cells in module \fco.
  Optimizing cells in module \gph.
  Optimizing cells in module \sfco.
Performed a total of 0 changes.

3.19.5. Executing OPT_MERGE pass (detect identical cells).
Finding identical cells in module `\adder'.
Finding identical cells in module `\fco'.
Finding identical cells in module `\gph'.
Finding identical cells in module `\sfco'.
Removed a total of 0 cells.

3.19.6. Executing OPT_SHARE pass.

3.19.7. Executing OPT_RMDFF pass (remove dff with constant values).

3.19.8. Executing OPT_CLEAN pass (remove unused cells and wires).
Finding unused cells or wires in module \adder..
Finding unused cells or wires in module \fco..
Finding unused cells or wires in module \gph..
Finding unused cells or wires in module \sfco..

3.19.9. Executing OPT_EXPR pass (perform const folding).
Optimizing module adder.
Optimizing module fco.
Optimizing module gph.
Optimizing module sfco.

3.19.10. Finished OPT passes. (There is nothing left to do.)

3.20. Executing TECHMAP pass (map to technology primitives).

3.20.1. Executing Verilog-2005 frontend: <techmap.v>
Parsing Verilog input from `<techmap.v>' to AST representation.
Generating RTLIL representation for module `\_90_simplemap_bool_ops'.
Generating RTLIL representation for module `\_90_simplemap_reduce_ops'.
Generating RTLIL representation for module `\_90_simplemap_logic_ops'.
Generating RTLIL representation for module `\_90_simplemap_compare_ops'.
Generating RTLIL representation for module `\_90_simplemap_various'.
Generating RTLIL representation for module `\_90_simplemap_registers'.
Generating RTLIL representation for module `\_90_shift_ops_shr_shl_sshl_sshr'.
Generating RTLIL representation for module `\_90_shift_shiftx'.
Generating RTLIL representation for module `\_90_fa'.
Generating RTLIL representation for module `\_90_lcu'.
Generating RTLIL representation for module `\_90_alu'.
Generating RTLIL representation for module `\_90_macc'.
Generating RTLIL representation for module `\_90_alumacc'.
Generating RTLIL representation for module `\$__div_mod_u'.
Generating RTLIL representation for module `\$__div_mod'.
Generating RTLIL representation for module `\_90_div'.
Generating RTLIL representation for module `\_90_mod'.
Generating RTLIL representation for module `\_90_pow'.
Generating RTLIL representation for module `\_90_pmux'.
Generating RTLIL representation for module `\_90_lut'.
Successfully finished Verilog frontend.

3.20.2. Continuing TECHMAP pass.
Using extmapper simplemap for cells of type $xor.
Using extmapper simplemap for cells of type $and.
Using extmapper simplemap for cells of type $or.
No more expansions possible.
<suppressed ~13 debug messages>

3.21. Executing OPT pass (performing simple optimizations).

3.21.1. Executing OPT_EXPR pass (perform const folding).
Optimizing module adder.
Optimizing module fco.
Optimizing module gph.
Optimizing module sfco.

3.21.2. Executing OPT_MERGE pass (detect identical cells).
Finding identical cells in module `\adder'.
Finding identical cells in module `\fco'.
Finding identical cells in module `\gph'.
Finding identical cells in module `\sfco'.
Removed a total of 0 cells.

3.21.3. Executing OPT_RMDFF pass (remove dff with constant values).

3.21.4. Executing OPT_CLEAN pass (remove unused cells and wires).
Finding unused cells or wires in module \adder..
Finding unused cells or wires in module \fco..
Finding unused cells or wires in module \gph..
Finding unused cells or wires in module \sfco..

3.21.5. Finished fast OPT passes.

3.22. Executing ABC pass (technology mapping using ABC).

3.22.1. Extracting gate netlist of module `\adder' to `<abc-temp-dir>/input.blif'..
Extracted 5 gates and 15 wires to a netlist network with 10 inputs and 5 outputs.

3.22.1.1. Executing ABC.
Running ABC command: <yosys-exe-dir>/yosys-abc -s -f <abc-temp-dir>/abc.script 2>&1
ABC: ABC command line: "source <abc-temp-dir>/abc.script".
ABC: 
ABC: + read_blif <abc-temp-dir>/input.blif 
ABC: + read_library <abc-temp-dir>/stdcells.genlib 
ABC: Entered genlib library with 13 gates from file "<abc-temp-dir>/stdcells.genlib".
ABC: + strash 
ABC: + dretime 
ABC: + map 
ABC: + write_blif <abc-temp-dir>/output.blif 

3.22.1.2. Re-integrating ABC results.
ABC RESULTS:               XOR cells:        5
ABC RESULTS:        internal signals:        0
ABC RESULTS:           input signals:       10
ABC RESULTS:          output signals:        5
Removing temp directory.

3.22.2. Extracting gate netlist of module `\fco' to `<abc-temp-dir>/input.blif'..
Extracted 3 gates and 7 wires to a netlist network with 4 inputs and 2 outputs.

3.22.2.1. Executing ABC.
Running ABC command: <yosys-exe-dir>/yosys-abc -s -f <abc-temp-dir>/abc.script 2>&1
ABC: ABC command line: "source <abc-temp-dir>/abc.script".
ABC: 
ABC: + read_blif <abc-temp-dir>/input.blif 
ABC: + read_library <abc-temp-dir>/stdcells.genlib 
ABC: Entered genlib library with 13 gates from file "<abc-temp-dir>/stdcells.genlib".
ABC: + strash 
ABC: + dretime 
ABC: + map 
ABC: + write_blif <abc-temp-dir>/output.blif 

3.22.2.2. Re-integrating ABC results.
ABC RESULTS:               AND cells:        2
ABC RESULTS:                OR cells:        1
ABC RESULTS:        internal signals:        1
ABC RESULTS:           input signals:        4
ABC RESULTS:          output signals:        2
Removing temp directory.

3.22.3. Extracting gate netlist of module `\gph' to `<abc-temp-dir>/input.blif'..
Extracted 3 gates and 5 wires to a netlist network with 2 inputs and 3 outputs.

3.22.3.1. Executing ABC.
Running ABC command: <yosys-exe-dir>/yosys-abc -s -f <abc-temp-dir>/abc.script 2>&1
ABC: ABC command line: "source <abc-temp-dir>/abc.script".
ABC: 
ABC: + read_blif <abc-temp-dir>/input.blif 
ABC: + read_library <abc-temp-dir>/stdcells.genlib 
ABC: Entered genlib library with 13 gates from file "<abc-temp-dir>/stdcells.genlib".
ABC: + strash 
ABC: + dretime 
ABC: + map 
ABC: + write_blif <abc-temp-dir>/output.blif 

3.22.3.2. Re-integrating ABC results.
ABC RESULTS:               AND cells:        1
ABC RESULTS:                OR cells:        1
ABC RESULTS:               XOR cells:        1
ABC RESULTS:        internal signals:        0
ABC RESULTS:           input signals:        2
ABC RESULTS:          output signals:        3
Removing temp directory.

3.22.4. Extracting gate netlist of module `\sfco' to `<abc-temp-dir>/input.blif'..
Extracted 2 gates and 5 wires to a netlist network with 3 inputs and 1 outputs.

3.22.4.1. Executing ABC.
Running ABC command: <yosys-exe-dir>/yosys-abc -s -f <abc-temp-dir>/abc.script 2>&1
ABC: ABC command line: "source <abc-temp-dir>/abc.script".
ABC: 
ABC: + read_blif <abc-temp-dir>/input.blif 
ABC: + read_library <abc-temp-dir>/stdcells.genlib 
ABC: Entered genlib library with 13 gates from file "<abc-temp-dir>/stdcells.genlib".
ABC: + strash 
ABC: + dretime 
ABC: + map 
ABC: + write_blif <abc-temp-dir>/output.blif 

3.22.4.2. Re-integrating ABC results.
ABC RESULTS:               AND cells:        1
ABC RESULTS:                OR cells:        1
ABC RESULTS:        internal signals:        1
ABC RESULTS:           input signals:        3
ABC RESULTS:          output signals:        1
Removing temp directory.

3.23. Executing OPT pass (performing simple optimizations).

3.23.1. Executing OPT_EXPR pass (perform const folding).
Optimizing module adder.
Optimizing module fco.
Optimizing module gph.
Optimizing module sfco.

3.23.2. Executing OPT_MERGE pass (detect identical cells).
Finding identical cells in module `\adder'.
Finding identical cells in module `\fco'.
Finding identical cells in module `\gph'.
Finding identical cells in module `\sfco'.
Removed a total of 0 cells.

3.23.3. Executing OPT_RMDFF pass (remove dff with constant values).

3.23.4. Executing OPT_CLEAN pass (remove unused cells and wires).
Finding unused cells or wires in module \adder..
Finding unused cells or wires in module \fco..
Finding unused cells or wires in module \gph..
Finding unused cells or wires in module \sfco..
Removed 0 unused cells and 32 unused wires.
<suppressed ~4 debug messages>

3.23.5. Finished fast OPT passes.

3.24. Executing HIERARCHY pass (managing design hierarchy).

3.24.1. Analyzing design hierarchy..
Top module:  \adder
Used module:     \sfco
Used module:     \fco
Used module:     \gph

3.24.2. Analyzing design hierarchy..
Top module:  \adder
Used module:     \sfco
Used module:     \fco
Used module:     \gph
Removed 0 unused modules.

3.25. Printing statistics.

=== adder ===

   Number of wires:                 16
   Number of wire bits:             46
   Number of public wires:          16
   Number of public wire bits:      46
   Number of memories:               0
   Number of memory bits:            0
   Number of processes:              0
   Number of cells:                 18
     $_XOR_                          5
     fco                             2
     gph                             6
     sfco                            5

=== fco ===

   Number of wires:                  7
   Number of wire bits:              7
   Number of public wires:           6
   Number of public wire bits:       6
   Number of memories:               0
   Number of memory bits:            0
   Number of processes:              0
   Number of cells:                  3
     $_AND_                          2
     $_OR_                           1

=== gph ===

   Number of wires:                  5
   Number of wire bits:              5
   Number of public wires:           5
   Number of public wire bits:       5
   Number of memories:               0
   Number of memory bits:            0
   Number of processes:              0
   Number of cells:                  3
     $_AND_                          1
     $_OR_                           1
     $_XOR_                          1

=== sfco ===

   Number of wires:                  5
   Number of wire bits:              5
   Number of public wires:           4
   Number of public wire bits:       4
   Number of memories:               0
   Number of memory bits:            0
   Number of processes:              0
   Number of cells:                  2
     $_AND_                          1
     $_OR_                           1

=== design hierarchy ===

   adder                             1
     fco                             2
     gph                             6
     sfco                            5

   Number of wires:                 85
   Number of wire bits:            115
   Number of public wires:          78
   Number of public wire bits:     108
   Number of memories:               0
   Number of memory bits:            0
   Number of processes:              0
   Number of cells:                 39
     $_AND_                         15
     $_OR_                          13
     $_XOR_                         11

3.26. Executing CHECK pass (checking for obvious problems).
checking module adder..
checking module fco..
checking module gph..
checking module sfco..
found and reported 0 problems.

4. Executing DFFLIBMAP pass (mapping DFF cells to sequential cells from liberty file).
  cell DFFNEGX1 (noninv, pins=3, area=96.00) is a direct match for cell type $_DFF_N_.
  cell DFFPOSX1 (noninv, pins=3, area=96.00) is a direct match for cell type $_DFF_P_.
  cell DFFSR (noninv, pins=5, area=176.00) is a direct match for cell type $_DFFSR_PNN_.
  create mapping for $_DFFSR_PPN_ from mapping for $_DFFSR_PNN_.
  create mapping for $_DFFSR_PNP_ from mapping for $_DFFSR_PNN_.
  create mapping for $_DFFSR_PPP_ from mapping for $_DFFSR_PNP_.
  create mapping for $_DFFSR_NNN_ from mapping for $_DFFSR_PNN_.
  create mapping for $_DFFSR_NPN_ from mapping for $_DFFSR_NNN_.
  create mapping for $_DFFSR_NNP_ from mapping for $_DFFSR_NNN_.
  create mapping for $_DFFSR_NPP_ from mapping for $_DFFSR_NNP_.
  create mapping for $_DFF_NN0_ from mapping for $_DFFSR_NNN_.
  create mapping for $_DFF_NN1_ from mapping for $_DFFSR_NNN_.
  create mapping for $_DFF_NP0_ from mapping for $_DFFSR_NPP_.
  create mapping for $_DFF_NP1_ from mapping for $_DFFSR_NPP_.
  create mapping for $_DFF_PN0_ from mapping for $_DFFSR_PNN_.
  create mapping for $_DFF_PN1_ from mapping for $_DFFSR_PNN_.
  create mapping for $_DFF_PP0_ from mapping for $_DFFSR_PPP_.
  create mapping for $_DFF_PP1_ from mapping for $_DFFSR_PPP_.
  final dff cell mappings:
    \DFFNEGX1 _DFF_N_ (.CLK( C), .D( D), .Q( Q));
    \DFFPOSX1 _DFF_P_ (.CLK( C), .D( D), .Q( Q));
    \DFFSR _DFF_NN0_ (.CLK(~C), .D( D), .Q( Q), .R( R), .S( 1));
    \DFFSR _DFF_NN1_ (.CLK(~C), .D( D), .Q( Q), .R( 1), .S( R));
    \DFFSR _DFF_NP0_ (.CLK(~C), .D( D), .Q( Q), .R(~R), .S( 1));
    \DFFSR _DFF_NP1_ (.CLK(~C), .D( D), .Q( Q), .R( 1), .S(~R));
    \DFFSR _DFF_PN0_ (.CLK( C), .D( D), .Q( Q), .R( R), .S( 1));
    \DFFSR _DFF_PN1_ (.CLK( C), .D( D), .Q( Q), .R( 1), .S( R));
    \DFFSR _DFF_PP0_ (.CLK( C), .D( D), .Q( Q), .R(~R), .S( 1));
    \DFFSR _DFF_PP1_ (.CLK( C), .D( D), .Q( Q), .R( 1), .S(~R));
    \DFFSR _DFFSR_NNN_ (.CLK(~C), .D( D), .Q( Q), .R( R), .S( S));
    \DFFSR _DFFSR_NNP_ (.CLK(~C), .D( D), .Q( Q), .R(~R), .S( S));
    \DFFSR _DFFSR_NPN_ (.CLK(~C), .D( D), .Q( Q), .R( R), .S(~S));
    \DFFSR _DFFSR_NPP_ (.CLK(~C), .D( D), .Q( Q), .R(~R), .S(~S));
    \DFFSR _DFFSR_PNN_ (.CLK( C), .D( D), .Q( Q), .R( R), .S( S));
    \DFFSR _DFFSR_PNP_ (.CLK( C), .D( D), .Q( Q), .R(~R), .S( S));
    \DFFSR _DFFSR_PPN_ (.CLK( C), .D( D), .Q( Q), .R( R), .S(~S));
    \DFFSR _DFFSR_PPP_ (.CLK( C), .D( D), .Q( Q), .R(~R), .S(~S));
Mapping DFF cells in module `\adder':
Mapping DFF cells in module `\fco':
Mapping DFF cells in module `\gph':
Mapping DFF cells in module `\sfco':

5. Executing OPT pass (performing simple optimizations).

5.1. Executing OPT_EXPR pass (perform const folding).
Optimizing module adder.
Optimizing module fco.
Optimizing module gph.
Optimizing module sfco.

5.2. Executing OPT_MERGE pass (detect identical cells).
Finding identical cells in module `\adder'.
Finding identical cells in module `\fco'.
Finding identical cells in module `\gph'.
Finding identical cells in module `\sfco'.
Removed a total of 0 cells.

5.3. Executing OPT_MUXTREE pass (detect dead branches in mux trees).
Running muxtree optimizer on module \adder..
  Creating internal representation of mux trees.
  No muxes found in this module.
Running muxtree optimizer on module \fco..
  Creating internal representation of mux trees.
  No muxes found in this module.
Running muxtree optimizer on module \gph..
  Creating internal representation of mux trees.
  No muxes found in this module.
Running muxtree optimizer on module \sfco..
  Creating internal representation of mux trees.
  No muxes found in this module.
Removed 0 multiplexer ports.

5.4. Executing OPT_REDUCE pass (consolidate $*mux and $reduce_* inputs).
  Optimizing cells in module \adder.
  Optimizing cells in module \fco.
  Optimizing cells in module \gph.
  Optimizing cells in module \sfco.
Performed a total of 0 changes.

5.5. Executing OPT_MERGE pass (detect identical cells).
Finding identical cells in module `\adder'.
Finding identical cells in module `\fco'.
Finding identical cells in module `\gph'.
Finding identical cells in module `\sfco'.
Removed a total of 0 cells.

5.6. Executing OPT_RMDFF pass (remove dff with constant values).

5.7. Executing OPT_CLEAN pass (remove unused cells and wires).
Finding unused cells or wires in module \adder..
Finding unused cells or wires in module \fco..
Finding unused cells or wires in module \gph..
Finding unused cells or wires in module \sfco..

5.8. Executing OPT_EXPR pass (perform const folding).
Optimizing module adder.
Optimizing module fco.
Optimizing module gph.
Optimizing module sfco.

5.9. Finished OPT passes. (There is nothing left to do.)

6. Executing ABC pass (technology mapping using ABC).

6.1. Extracting gate netlist of module `\adder' to `<abc-temp-dir>/input.blif'..
Extracted 5 gates and 15 wires to a netlist network with 10 inputs and 5 outputs.

6.1.1. Executing ABC.
Running ABC command: /usr/local/share/qflow/bin/yosys-abc -s -f <abc-temp-dir>/abc.script 2>&1
ABC: ABC command line: "source <abc-temp-dir>/abc.script".
ABC: 
ABC: + read_blif <abc-temp-dir>/input.blif 
ABC: + read_lib -w /usr/local/share/qflow/tech/osu018/osu018_stdcells.lib 
ABC: Parsing finished successfully.  Parsing time =     0.00 sec
ABC: Scl_LibertyReadGenlib() skipped sequential cell "DFFNEGX1".
ABC: Scl_LibertyReadGenlib() skipped sequential cell "DFFPOSX1".
ABC: Scl_LibertyReadGenlib() skipped sequential cell "DFFSR".
ABC: Scl_LibertyReadGenlib() skipped sequential cell "LATCH".
ABC: Scl_LibertyReadGenlib() skipped three-state cell "TBUFX1".
ABC: Scl_LibertyReadGenlib() skipped three-state cell "TBUFX2".
ABC: Library "osu018_stdcells" from "/usr/local/share/qflow/tech/osu018/osu018_stdcells.lib" has 26 cells (6 skipped: 4 seq; 2 tri-state; 0 no func; 0 dont_use).  Time =     0.01 sec
ABC: Memory =    0.36 MB. Time =     0.01 sec
ABC: Warning: Detected 2 multi-output gates (for example, "FAX1").
ABC: + strash 
ABC: + scorr 
ABC: Warning: The network is combinational (run "fraig" or "fraig_sweep").
ABC: + ifraig 
ABC: + retime 
ABC: + strash 
ABC: + dch -f 
ABC: + map -M 1 
ABC: + write_blif <abc-temp-dir>/output.blif 

6.1.2. Re-integrating ABC results.
ABC RESULTS:            XOR2X1 cells:        5
ABC RESULTS:        internal signals:        0
ABC RESULTS:           input signals:       10
ABC RESULTS:          output signals:        5
Removing temp directory.

6.2. Extracting gate netlist of module `\fco' to `<abc-temp-dir>/input.blif'..
Extracted 3 gates and 7 wires to a netlist network with 4 inputs and 2 outputs.

6.2.1. Executing ABC.
Running ABC command: /usr/local/share/qflow/bin/yosys-abc -s -f <abc-temp-dir>/abc.script 2>&1
ABC: ABC command line: "source <abc-temp-dir>/abc.script".
ABC: 
ABC: + read_blif <abc-temp-dir>/input.blif 
ABC: + read_lib -w /usr/local/share/qflow/tech/osu018/osu018_stdcells.lib 
ABC: Parsing finished successfully.  Parsing time =     0.00 sec
ABC: Scl_LibertyReadGenlib() skipped sequential cell "DFFNEGX1".
ABC: Scl_LibertyReadGenlib() skipped sequential cell "DFFPOSX1".
ABC: Scl_LibertyReadGenlib() skipped sequential cell "DFFSR".
ABC: Scl_LibertyReadGenlib() skipped sequential cell "LATCH".
ABC: Scl_LibertyReadGenlib() skipped three-state cell "TBUFX1".
ABC: Scl_LibertyReadGenlib() skipped three-state cell "TBUFX2".
ABC: Library "osu018_stdcells" from "/usr/local/share/qflow/tech/osu018/osu018_stdcells.lib" has 26 cells (6 skipped: 4 seq; 2 tri-state; 0 no func; 0 dont_use).  Time =     0.01 sec
ABC: Memory =    0.36 MB. Time =     0.01 sec
ABC: Warning: Detected 2 multi-output gates (for example, "FAX1").
ABC: + strash 
ABC: + scorr 
ABC: Warning: The network is combinational (run "fraig" or "fraig_sweep").
ABC: + ifraig 
ABC: + retime 
ABC: + strash 
ABC: + dch -f 
ABC: + map -M 1 
ABC: + write_blif <abc-temp-dir>/output.blif 

6.2.2. Re-integrating ABC results.
ABC RESULTS:            AND2X2 cells:        1
ABC RESULTS:             INVX1 cells:        1
ABC RESULTS:           NAND2X1 cells:        2
ABC RESULTS:        internal signals:        1
ABC RESULTS:           input signals:        4
ABC RESULTS:          output signals:        2
Removing temp directory.

6.3. Extracting gate netlist of module `\gph' to `<abc-temp-dir>/input.blif'..
Extracted 3 gates and 5 wires to a netlist network with 2 inputs and 3 outputs.

6.3.1. Executing ABC.
Running ABC command: /usr/local/share/qflow/bin/yosys-abc -s -f <abc-temp-dir>/abc.script 2>&1
ABC: ABC command line: "source <abc-temp-dir>/abc.script".
ABC: 
ABC: + read_blif <abc-temp-dir>/input.blif 
ABC: + read_lib -w /usr/local/share/qflow/tech/osu018/osu018_stdcells.lib 
ABC: Parsing finished successfully.  Parsing time =     0.00 sec
ABC: Scl_LibertyReadGenlib() skipped sequential cell "DFFNEGX1".
ABC: Scl_LibertyReadGenlib() skipped sequential cell "DFFPOSX1".
ABC: Scl_LibertyReadGenlib() skipped sequential cell "DFFSR".
ABC: Scl_LibertyReadGenlib() skipped sequential cell "LATCH".
ABC: Scl_LibertyReadGenlib() skipped three-state cell "TBUFX1".
ABC: Scl_LibertyReadGenlib() skipped three-state cell "TBUFX2".
ABC: Library "osu018_stdcells" from "/usr/local/share/qflow/tech/osu018/osu018_stdcells.lib" has 26 cells (6 skipped: 4 seq; 2 tri-state; 0 no func; 0 dont_use).  Time =     0.01 sec
ABC: Memory =    0.36 MB. Time =     0.01 sec
ABC: Warning: Detected 2 multi-output gates (for example, "FAX1").
ABC: + strash 
ABC: + scorr 
ABC: Warning: The network is combinational (run "fraig" or "fraig_sweep").
ABC: + ifraig 
ABC: + retime 
ABC: + strash 
ABC: + dch -f 
ABC: + map -M 1 
ABC: + write_blif <abc-temp-dir>/output.blif 

6.3.2. Re-integrating ABC results.
ABC RESULTS:             INVX1 cells:        2
ABC RESULTS:           NAND2X1 cells:        1
ABC RESULTS:            NOR2X1 cells:        1
ABC RESULTS:            XOR2X1 cells:        1
ABC RESULTS:        internal signals:        0
ABC RESULTS:           input signals:        2
ABC RESULTS:          output signals:        3
Removing temp directory.

6.4. Extracting gate netlist of module `\sfco' to `<abc-temp-dir>/input.blif'..
Extracted 2 gates and 5 wires to a netlist network with 3 inputs and 1 outputs.

6.4.1. Executing ABC.
Running ABC command: /usr/local/share/qflow/bin/yosys-abc -s -f <abc-temp-dir>/abc.script 2>&1
ABC: ABC command line: "source <abc-temp-dir>/abc.script".
ABC: 
ABC: + read_blif <abc-temp-dir>/input.blif 
ABC: + read_lib -w /usr/local/share/qflow/tech/osu018/osu018_stdcells.lib 
ABC: Parsing finished successfully.  Parsing time =     0.00 sec
ABC: Scl_LibertyReadGenlib() skipped sequential cell "DFFNEGX1".
ABC: Scl_LibertyReadGenlib() skipped sequential cell "DFFPOSX1".
ABC: Scl_LibertyReadGenlib() skipped sequential cell "DFFSR".
ABC: Scl_LibertyReadGenlib() skipped sequential cell "LATCH".
ABC: Scl_LibertyReadGenlib() skipped three-state cell "TBUFX1".
ABC: Scl_LibertyReadGenlib() skipped three-state cell "TBUFX2".
ABC: Library "osu018_stdcells" from "/usr/local/share/qflow/tech/osu018/osu018_stdcells.lib" has 26 cells (6 skipped: 4 seq; 2 tri-state; 0 no func; 0 dont_use).  Time =     0.01 sec
ABC: Memory =    0.36 MB. Time =     0.01 sec
ABC: Warning: Detected 2 multi-output gates (for example, "FAX1").
ABC: + strash 
ABC: + scorr 
ABC: Warning: The network is combinational (run "fraig" or "fraig_sweep").
ABC: + ifraig 
ABC: + retime 
ABC: + strash 
ABC: + dch -f 
ABC: + map -M 1 
ABC: + write_blif <abc-temp-dir>/output.blif 

6.4.2. Re-integrating ABC results.
ABC RESULTS:             INVX1 cells:        1
ABC RESULTS:           NAND2X1 cells:        2
ABC RESULTS:        internal signals:        1
ABC RESULTS:           input signals:        3
ABC RESULTS:          output signals:        1
Removing temp directory.

7. Executing FLATTEN pass (flatten design).
Using template gph for cells of type gph.
Using template sfco for cells of type sfco.
Using template fco for cells of type fco.
<suppressed ~13 debug messages>
No more expansions possible.
Deleting now unused module fco.
Deleting now unused module gph.
Deleting now unused module sfco.

8. Executing SETUNDEF pass (replace undef values with defined constants).
Removed 1 unused cells and 133 unused wires.

9. Executing IOPADMAP pass (mapping inputs/outputs to IO-PAD cells).
Mapping port adder.S using BUFX2.
Don't map input port adder.X: Missing option -inpad.
Don't map input port adder.Y: Missing option -inpad.
Mapping port adder.cout using BUFX2.

10. Executing OPT pass (performing simple optimizations).

10.1. Executing OPT_EXPR pass (perform const folding).
Optimizing module adder.

10.2. Executing OPT_MERGE pass (detect identical cells).
Finding identical cells in module `\adder'.
Removed a total of 0 cells.

10.3. Executing OPT_MUXTREE pass (detect dead branches in mux trees).
Running muxtree optimizer on module \adder..
  Creating internal representation of mux trees.
  No muxes found in this module.
Removed 0 multiplexer ports.

10.4. Executing OPT_REDUCE pass (consolidate $*mux and $reduce_* inputs).
  Optimizing cells in module \adder.
Performed a total of 0 changes.

10.5. Executing OPT_MERGE pass (detect identical cells).
Finding identical cells in module `\adder'.
Removed a total of 0 cells.

10.6. Executing OPT_RMDFF pass (remove dff with constant values).

10.7. Executing OPT_CLEAN pass (remove unused cells and wires).
Finding unused cells or wires in module \adder..

10.8. Executing OPT_EXPR pass (perform const folding).
Optimizing module adder.

10.9. Finished OPT passes. (There is nothing left to do.)

11. Executing Verilog backend.
Dumping module `\adder'.

12. Printing statistics.

=== adder ===

   Number of wires:                 57
   Number of wire bits:             77
   Number of public wires:          57
   Number of public wire bits:      77
   Number of memories:               0
   Number of memory bits:            0
   Number of processes:              0
   Number of cells:                 64
     AND2X2                          2
     BUFX2                           7
     INVX1                          19
     NAND2X1                        19
     NOR2X1                          6
     XOR2X1                         11

End of script. Logfile hash: 2ea7f64392, CPU: user 0.16s system 0.02s, MEM: 13.90 MB peak
Yosys 0.9+2406 (git sha1 026fed31, clang 10.0.0-4ubuntu1 -fPIC -Os)
Time spent: 20% 15x opt_expr (0 sec), 13% 2x write_verilog (0 sec), ...
Running getpowerground to determine power and ground net names.
getpowerground.tcl  /usr/local/share/qflow/tech/osu018/osu018_stdcells.lef
Running vlogFanout
vlogFanout -l 100 -c 20 -I adder_nofanout -s nullstring -p /usr/local/share/qflow/tech/osu018/osu018_stdcells.lib -b BUFX2,CLKBUF1 -i A,A -o Y,Y adder_mapped.v adder_sized.v

vlogFanout for qflow 1.4.80
Parsing library "osu018_stdcells"
End of library at line 6141
Lib Read:  Processed 6142 lines.
Top internal fanout is 3 (load 94.9996) from node G30,
driven by NAND2X1 with strength 58.3992 (fF driven at latency 100)
Top fanout load-to-strength ratio is 1.45899 (latency = 145.899 ps)
Top input node fanout is 2 (load 43.5907) from node X[5].
0 gates exceed specified minimum load.
0 buffers were added.
Warning 1: load of 70.3897 is 1.20362 times greater than strongest gate XOR2X1
This warning will only be repeated for larger overload ratios.  Warning count reflects
the total number of overloaded nets.
Warning 6: load of 86.3956 is 1.4794 times greater than strongest gate NAND2X1
Warning 10: load of 95.324 is 1.62999 times greater than strongest gate XOR2X1
0 gates were changed.

Gate counts by drive strength:

	"1" gates	In: 55    	Out: 55    	+0
	"2" gates	In: 9    	Out: 9    	+0

Number of gates changed: 0
Running vlog2Verilog for antenna cell mapping.
vlog2Verilog -c -p -v vdd -g gnd  -l /usr/local/share/qflow/tech/osu018/osu018_stdcells.lef 
   -o adder.v adder_sized.v

Generating RTL verilog and SPICE netlist file in directory
	 /home/aleksandra/sumatorQflow/synthesis
Files:
   Verilog: /home/aleksandra/sumatorQflow/synthesis/adder.rtl.v
   Verilog: /home/aleksandra/sumatorQflow/synthesis/adder.rtlnopwr.v
   Verilog: /home/aleksandra/sumatorQflow/synthesis/adder.rtlbb.v
   Spice:   /home/aleksandra/sumatorQflow/synthesis/adder.spc

Running vlog2Verilog.
vlog2Verilog -c -v vdd -g gnd  -l /usr/local/share/qflow/tech/osu018/osu018_stdcells.lef 
	-o adder.rtl.v
   adder.v
vlog2Verilog -c -p -v vdd -g gnd  -l /usr/local/share/qflow/tech/osu018/osu018_stdcells.lef 
	-o adder.rtlnopwr.v
   adder.v
/usr/local/share/qflow/bin/vlog2Verilog -c -p -b -n -v vdd -g gnd  -l /usr/local/share/qflow/tech/osu018/osu018_stdcells.lef
   -o adder.rtlbb.v
Running vlog2Spice.
vlog2Spice -i -l  /usr/local/share/qflow/tech/osu018/osu018_stdcells.sp -o adder.spc adder.rtl.v
Running spi2xspice.py
spi2xspice.py "/usr/local/share/qflow/tech/osu018/osu018_stdcells.lib" -io_time=1n -time=100p -idelay=10p -odelay=100p -cload=500f adder.spc adder.xspice

Synthesis script ended on pią, 22 maj 2020, 15:43:17 CEST
